<?xml version="1.0" encoding="UTF-8"?>
<testng-results skipped="0" failed="0" total="1" passed="1">
  <reporter-output>
  </reporter-output>
  <suite name="Default suite" duration-ms="14879" started-at="2018-08-24T15:39:27Z" finished-at="2018-08-24T15:39:42Z">
    <groups>
    </groups>
    <test name="Default test" duration-ms="14879" started-at="2018-08-24T15:39:27Z" finished-at="2018-08-24T15:39:42Z">
      <class name="com.cg.sample.TC001">
        <test-method status="PASS" signature="tc1()[pri:0, instance:com.cg.sample.TC001@1bce4f0a]" name="tc1" duration-ms="14836" started-at="2018-08-24T21:09:28Z" finished-at="2018-08-24T21:09:42Z">
          <reporter-output>
          </reporter-output>
        </test-method> <!-- tc1 -->
      </class> <!-- com.cg.sample.TC001 -->
    </test> <!-- Default test -->
  </suite> <!-- Default suite -->
</testng-results>
